{
  "RSpec": {
    "coverage": {
      "E:/Universidad Catolica Boliviana/Ingenieria de Calidad/unitTest/lib/person.rb": [
        1,
        null,
        1,
        1,
        1,
        1,
        1,
        null,
        null,
        1,
        1,
        null,
        null,
        1,
        1,
        null,
        null,
        1,
        1,
        null,
        null,
        1,
        2,
        2,
        1,
        null,
        1,
        null,
        null,
        null,
        null
      ],
      "E:/Universidad Catolica Boliviana/Ingenieria de Calidad/unitTest/lib/account.rb": [
        1,
        1,
        2,
        2,
        null,
        null,
        1,
        2,
        null,
        null,
        1,
        2,
        null,
        null,
        1,
        2,
        1,
        null,
        1,
        1,
        null,
        null,
        null,
        1,
        5,
        null,
        null,
        1,
        3,
        null,
        null,
        1,
        1,
        1,
        null
      ],
      "E:/Universidad Catolica Boliviana/Ingenieria de Calidad/unitTest/spec/discount_spec.rb": [
        1,
        1,
        null,
        1,
        null,
        1,
        null,
        1,
        1,
        1,
        1,
        null,
        null,
        1,
        1,
        1,
        1,
        null,
        null,
        1,
        1,
        1,
        1,
        null,
        null,
        1,
        1,
        1,
        1,
        null,
        null,
        1,
        1,
        2,
        null,
        null,
        null
      ],
      "E:/Universidad Catolica Boliviana/Ingenieria de Calidad/unitTest/lib/discount.rb": [
        1,
        1,
        5,
        5,
        1,
        null,
        null,
        1,
        null,
        null,
        1,
        null,
        null,
        1,
        null,
        null,
        1,
        null,
        4,
        null,
        null
      ],
      "E:/Universidad Catolica Boliviana/Ingenieria de Calidad/unitTest/spec/person_spec.rb": [
        1,
        1,
        null,
        1,
        1,
        null,
        1,
        1,
        1,
        1,
        null,
        null,
        null,
        1,
        1,
        1,
        1,
        null,
        null,
        null,
        1,
        1,
        1,
        1,
        null,
        null,
        null,
        1,
        1,
        1,
        1,
        1,
        null,
        1,
        1,
        1,
        1,
        null,
        null,
        null
      ]
    },
    "timestamp": 1446647407
  }
}
